<?xml version="1.0" encoding="UTF-8"?>
<testng-results ignored="0" total="2" passed="1" failed="1" skipped="0">
  <reporter-output>
  </reporter-output>
  <suite started-at="2024-06-18T14:39:15 IST" name="Default suite" finished-at="2024-06-18T14:40:28 IST" duration-ms="73000">
    <groups>
    </groups>
    <test started-at="2024-06-18T14:39:15 IST" name="Default test" finished-at="2024-06-18T14:40:28 IST" duration-ms="73000">
      <class name="ust.com.test.ContactsTest">
        <test-method is-config="true" signature="invokeDriver()[pri:0, instance:ust.com.test.ContactsTest@7d8704ef]" started-at="2024-06-18T14:39:15 IST" name="invokeDriver" finished-at="2024-06-18T14:39:30 IST" duration-ms="14354" status="PASS">
          <reporter-output>
          </reporter-output>
        </test-method> <!-- invokeDriver -->
        <test-method signature="startTest()[pri:0, instance:ust.com.test.ContactsTest@7d8704ef]" started-at="2024-06-18T14:39:30 IST" name="startTest" finished-at="2024-06-18T14:39:55 IST" duration-ms="25306" status="PASS">
          <reporter-output>
          </reporter-output>
        </test-method> <!-- startTest -->
        <test-method is-config="true" signature="after(org.testng.ITestResult)[pri:0, instance:ust.com.test.ContactsTest@7d8704ef]" started-at="2024-06-18T14:39:55 IST" name="after" finished-at="2024-06-18T14:39:55 IST" duration-ms="4" status="PASS">
          <params>
            <param index="0">
              <value>
                <![CDATA[[TestResult name=startTest status=SUCCESS method=ContactsTest.startTest()[pri:0, instance:ust.com.test.ContactsTest@7d8704ef] output={null}]]]>
              </value>
            </param>
          </params>
          <reporter-output>
          </reporter-output>
        </test-method> <!-- after -->
        <test-method is-config="true" signature="invokeDriver()[pri:0, instance:ust.com.test.ContactsTest@7d8704ef]" started-at="2024-06-18T14:39:56 IST" name="invokeDriver" finished-at="2024-06-18T14:40:08 IST" duration-ms="12880" status="PASS">
          <reporter-output>
          </reporter-output>
        </test-method> <!-- invokeDriver -->
        <test-method signature="testenterData(java.util.HashMap)[pri:1, instance:ust.com.test.ContactsTest@7d8704ef]" started-at="2024-06-18T14:40:08 IST" name="testenterData" data-provider="Jsondata" finished-at="2024-06-18T14:40:27 IST" duration-ms="18271" status="FAIL">
          <params>
            <param index="0">
              <value>
                <![CDATA[{First_name=Amith, Email=a@gmail.com, Last_name=S Kumar, Phone=6238338072}]]>
              </value>
            </param>
          </params>
          <exception class="org.openqa.selenium.InvalidElementStateException">
            <message>
              <![CDATA[Cannot set the element to 'Amith'. Did you interact with the correct element?
Build info: version: '4.21.0', revision: '79ed462ef4'
System info: os.name: 'Windows 10', os.arch: 'amd64', os.version: '10.0', java.version: '17.0.1'
Driver info: io.appium.java_client.android.AndroidDriver
Command: [7cdda6d1-e56c-4781-94ce-6e307abb5884, sendKeysToElement {value=[Ljava.lang.CharSequence;@58c1da09, id=00000000-0000-0217-ffff-ffff00000036}]
Capabilities {appium:appActivity: com.android.contacts.activi..., appium:appPackage: com.google.android.contacts, appium:automationName: UIAutomator2, appium:databaseEnabled: false, appium:desired: {appActivity: com.android.contacts.activi..., appPackage: com.google.android.contacts, automationName: UIAutomator2, deviceName: Pixel_6, platformName: ANDROID}, appium:deviceApiLevel: 33, appium:deviceManufacturer: Google, appium:deviceModel: sdk_gphone_x86_64, appium:deviceName: emulator-5554, appium:deviceScreenDensity: 420, appium:deviceScreenSize: 1080x2400, appium:deviceUDID: emulator-5554, appium:javascriptEnabled: true, appium:locationContextEnabled: false, appium:networkConnectionEnabled: true, appium:pixelRatio: 2.625, appium:platformVersion: 13, appium:statBarHeight: 128, appium:takesScreenshot: true, appium:viewportRect: {height: 2272, left: 0, top: 128, width: 1080}, appium:warnings: {}, appium:webStorageEnabled: false, platformName: ANDROID}
Element: [[AndroidDriver:  on ANDROID (7cdda6d1-e56c-4781-94ce-6e307abb5884)] -> id: com.google.android.contacts:id/open_search_bar_text_view]
Session ID: 7cdda6d1-e56c-4781-94ce-6e307abb5884]]>
            </message>
            <full-stacktrace>
              <![CDATA[org.openqa.selenium.InvalidElementStateException: Cannot set the element to 'Amith'. Did you interact with the correct element?
Build info: version: '4.21.0', revision: '79ed462ef4'
System info: os.name: 'Windows 10', os.arch: 'amd64', os.version: '10.0', java.version: '17.0.1'
Driver info: io.appium.java_client.android.AndroidDriver
Command: [7cdda6d1-e56c-4781-94ce-6e307abb5884, sendKeysToElement {value=[Ljava.lang.CharSequence;@58c1da09, id=00000000-0000-0217-ffff-ffff00000036}]
Capabilities {appium:appActivity: com.android.contacts.activi..., appium:appPackage: com.google.android.contacts, appium:automationName: UIAutomator2, appium:databaseEnabled: false, appium:desired: {appActivity: com.android.contacts.activi..., appPackage: com.google.android.contacts, automationName: UIAutomator2, deviceName: Pixel_6, platformName: ANDROID}, appium:deviceApiLevel: 33, appium:deviceManufacturer: Google, appium:deviceModel: sdk_gphone_x86_64, appium:deviceName: emulator-5554, appium:deviceScreenDensity: 420, appium:deviceScreenSize: 1080x2400, appium:deviceUDID: emulator-5554, appium:javascriptEnabled: true, appium:locationContextEnabled: false, appium:networkConnectionEnabled: true, appium:pixelRatio: 2.625, appium:platformVersion: 13, appium:statBarHeight: 128, appium:takesScreenshot: true, appium:viewportRect: {height: 2272, left: 0, top: 128, width: 1080}, appium:warnings: {}, appium:webStorageEnabled: false, platformName: ANDROID}
Element: [[AndroidDriver:  on ANDROID (7cdda6d1-e56c-4781-94ce-6e307abb5884)] -> id: com.google.android.contacts:id/open_search_bar_text_view]
Session ID: 7cdda6d1-e56c-4781-94ce-6e307abb5884
at java.base/jdk.internal.reflect.NativeConstructorAccessorImpl.newInstance0(Native Method)
at java.base/jdk.internal.reflect.NativeConstructorAccessorImpl.newInstance(NativeConstructorAccessorImpl.java:77)
at java.base/jdk.internal.reflect.DelegatingConstructorAccessorImpl.newInstance(DelegatingConstructorAccessorImpl.java:45)
at java.base/java.lang.reflect.Constructor.newInstanceWithCaller(Constructor.java:499)
at java.base/java.lang.reflect.Constructor.newInstance(Constructor.java:480)
at org.openqa.selenium.remote.ErrorCodec.decode(ErrorCodec.java:167)
at org.openqa.selenium.remote.codec.w3c.W3CHttpResponseCodec.decode(W3CHttpResponseCodec.java:138)
at org.openqa.selenium.remote.codec.w3c.W3CHttpResponseCodec.decode(W3CHttpResponseCodec.java:50)
at org.openqa.selenium.remote.HttpCommandExecutor.execute(HttpCommandExecutor.java:190)
at io.appium.java_client.remote.AppiumCommandExecutor.execute(AppiumCommandExecutor.java:237)
at org.openqa.selenium.remote.RemoteWebDriver.execute(RemoteWebDriver.java:518)
at org.openqa.selenium.remote.RemoteWebElement.execute(RemoteWebElement.java:223)
at org.openqa.selenium.remote.RemoteWebElement.sendKeys(RemoteWebElement.java:110)
at java.base/jdk.internal.reflect.NativeMethodAccessorImpl.invoke0(Native Method)
at java.base/jdk.internal.reflect.NativeMethodAccessorImpl.invoke(NativeMethodAccessorImpl.java:77)
at java.base/jdk.internal.reflect.DelegatingMethodAccessorImpl.invoke(DelegatingMethodAccessorImpl.java:43)
at java.base/java.lang.reflect.Method.invoke(Method.java:568)
at io.appium.java_client.pagefactory.ElementInterceptor.getObject(ElementInterceptor.java:42)
at io.appium.java_client.pagefactory.interceptors.InterceptorOfASingleElement.call(InterceptorOfASingleElement.java:79)
at io.appium.java_client.proxy.Interceptor.intercept(Interceptor.java:78)
at org.openqa.selenium.remote.RemoteWebElement$ByteBuddy$hT3wNEkz.sendKeys(Unknown Source)
at ust.com.pom.HomePage.enterSearchInput(HomePage.java:55)
at ust.com.test.ContactsTest.testenterData(ContactsTest.java:51)
at java.base/jdk.internal.reflect.NativeMethodAccessorImpl.invoke0(Native Method)
at java.base/jdk.internal.reflect.NativeMethodAccessorImpl.invoke(NativeMethodAccessorImpl.java:77)
at java.base/jdk.internal.reflect.DelegatingMethodAccessorImpl.invoke(DelegatingMethodAccessorImpl.java:43)
at java.base/java.lang.reflect.Method.invoke(Method.java:568)
at org.testng.internal.invokers.MethodInvocationHelper.invokeMethod(MethodInvocationHelper.java:139)
at org.testng.internal.invokers.TestInvoker.invokeMethod(TestInvoker.java:664)
at org.testng.internal.invokers.TestInvoker.invokeTestMethod(TestInvoker.java:228)
at org.testng.internal.invokers.MethodRunner.runInSequence(MethodRunner.java:63)
at org.testng.internal.invokers.TestInvoker$MethodInvocationAgent.invoke(TestInvoker.java:961)
at org.testng.internal.invokers.TestInvoker.invokeTestMethods(TestInvoker.java:201)
at org.testng.internal.invokers.TestMethodWorker.invokeTestMethods(TestMethodWorker.java:148)
at org.testng.internal.invokers.TestMethodWorker.run(TestMethodWorker.java:128)
at java.base/java.util.ArrayList.forEach(ArrayList.java:1511)
at org.testng.TestRunner.privateRun(TestRunner.java:819)
at org.testng.TestRunner.run(TestRunner.java:619)
at org.testng.SuiteRunner.runTest(SuiteRunner.java:443)
at org.testng.SuiteRunner.runSequentially(SuiteRunner.java:437)
at org.testng.SuiteRunner.privateRun(SuiteRunner.java:397)
at org.testng.SuiteRunner.run(SuiteRunner.java:336)
at org.testng.SuiteRunnerWorker.runSuite(SuiteRunnerWorker.java:52)
at org.testng.SuiteRunnerWorker.run(SuiteRunnerWorker.java:95)
at org.testng.TestNG.runSuitesSequentially(TestNG.java:1301)
at org.testng.TestNG.runSuitesLocally(TestNG.java:1228)
at org.testng.TestNG.runSuites(TestNG.java:1134)
at org.testng.TestNG.run(TestNG.java:1101)
at org.testng.remote.AbstractRemoteTestNG.run(AbstractRemoteTestNG.java:115)
at org.testng.remote.RemoteTestNG.initAndRun(RemoteTestNG.java:251)
at org.testng.remote.RemoteTestNG.main(RemoteTestNG.java:77)
]]>
            </full-stacktrace>
          </exception> <!-- org.openqa.selenium.InvalidElementStateException -->
          <reporter-output>
          </reporter-output>
        </test-method> <!-- testenterData -->
        <test-method is-config="true" signature="after(org.testng.ITestResult)[pri:0, instance:ust.com.test.ContactsTest@7d8704ef]" started-at="2024-06-18T14:40:27 IST" name="after" finished-at="2024-06-18T14:40:28 IST" duration-ms="992" status="PASS">
          <params>
            <param index="0">
              <value>
                <![CDATA[[TestResult name=testenterData status=FAILURE method=ContactsTest.testenterData(java.util.HashMap)[pri:1, instance:ust.com.test.ContactsTest@7d8704ef] output={null}]]]>
              </value>
            </param>
          </params>
          <reporter-output>
          </reporter-output>
        </test-method> <!-- after -->
      </class> <!-- ust.com.test.ContactsTest -->
    </test> <!-- Default test -->
  </suite> <!-- Default suite -->
</testng-results>
