<?xml version="1.0" encoding="UTF-8"?>
<testng-results ignored="0" total="6" passed="5" failed="1" skipped="0">
  <reporter-output>
  </reporter-output>
  <suite started-at="2024-06-07T11:32:01 IST" name="Default suite" finished-at="2024-06-07T11:37:46 IST" duration-ms="344999">
    <groups>
      <group name="cucumber">
        <method signature="AbstractTestNGCucumberTests.runScenario(io.cucumber.testng.PickleWrapper,io.cucumber.testng.FeatureWrapper)[pri:0, instance:com.ust.runner.TestRunner@24aed80c]" name="runScenario" class="io.cucumber.testng.AbstractTestNGCucumberTests"/>
      </group> <!-- cucumber -->
    </groups>
    <test started-at="2024-06-07T11:32:01 IST" name="Default test" finished-at="2024-06-07T11:37:46 IST" duration-ms="344999">
      <class name="com.ust.runner.TestRunner">
        <test-method is-config="true" signature="setUpClass(org.testng.ITestContext)[pri:0, instance:com.ust.runner.TestRunner@24aed80c]" started-at="2024-06-07T11:32:01 IST" name="setUpClass" finished-at="2024-06-07T11:32:02 IST" duration-ms="1167" status="PASS">
          <params>
            <param index="0">
              <value>
                <![CDATA[org.testng.TestRunner@49c4118b]]>
              </value>
            </param>
          </params>
          <reporter-output>
          </reporter-output>
        </test-method> <!-- setUpClass -->
        <test-method signature="runScenario(io.cucumber.testng.PickleWrapper,io.cucumber.testng.FeatureWrapper)[pri:0, instance:com.ust.runner.TestRunner@24aed80c]" started-at="2024-06-07T11:32:02 IST" name="runScenario" description="Runs Cucumber Scenarios" data-provider="scenarios" finished-at="2024-06-07T11:33:54 IST" duration-ms="112053" status="PASS">
          <params>
            <param index="0">
              <value>
                <![CDATA["Searching with Category"]]>
              </value>
            </param>
            <param index="1">
              <value>
                <![CDATA["Carting an item from category"]]>
              </value>
            </param>
          </params>
          <reporter-output>
          </reporter-output>
        </test-method> <!-- runScenario -->
        <test-method signature="runScenario(io.cucumber.testng.PickleWrapper,io.cucumber.testng.FeatureWrapper)[pri:0, instance:com.ust.runner.TestRunner@24aed80c]" started-at="2024-06-07T11:33:54 IST" name="runScenario" description="Runs Cucumber Scenarios" data-provider="scenarios" finished-at="2024-06-07T11:35:17 IST" duration-ms="83467" status="FAIL">
          <params>
            <param index="0">
              <value>
                <![CDATA["Post a Review"]]>
              </value>
            </param>
            <param index="1">
              <value>
                <![CDATA["Checking out reviews for an item"]]>
              </value>
            </param>
          </params>
          <exception class="java.lang.AssertionError">
            <message>
              <![CDATA[Test case failed: Expected condition failed: waiting for visibility of [[ChromeDriver: chrome on windows (fbea7d97c15ce3eddfa7e68ad405cd8b)] -> xpath: (//div[@class='yotpo-thankyou-header text-3xl']/span[2])[1]] (tried for 30 second(s) with 500 milliseconds interval)
Build info: version: '4.18.1', revision: 'b1d3319b48'
System info: os.name: 'Windows 10', os.arch: 'amd64', os.version: '10.0', java.version: '17.0.1'
Driver info: org.openqa.selenium.chrome.ChromeDriver
Capabilities {acceptInsecureCerts: false, browserName: chrome, browserVersion: 125.0.6422.142, chrome: {chromedriverVersion: 125.0.6422.141 (4b1e8393712..., userDataDir: C:\Users\268896\AppData\Loc...}, fedcm:accounts: true, goog:chromeOptions: {debuggerAddress: localhost:62003}, networkConnectionEnabled: false, pageLoadStrategy: normal, platformName: windows, proxy: Proxy(), se:cdp: ws://localhost:62003/devtoo..., se:cdpVersion: 125.0.6422.142, setWindowRect: true, strictFileInteractability: false, timeouts: {implicit: 0, pageLoad: 300000, script: 30000}, unhandledPromptBehavior: dismiss and notify, webauthn:extension:credBlob: true, webauthn:extension:largeBlob: true, webauthn:extension:minPinLength: true, webauthn:extension:prf: true, webauthn:virtualAuthenticators: true}
Session ID: fbea7d97c15ce3eddfa7e68ad405cd8b]]>
            </message>
            <full-stacktrace>
              <![CDATA[java.lang.AssertionError: Test case failed: Expected condition failed: waiting for visibility of [[ChromeDriver: chrome on windows (fbea7d97c15ce3eddfa7e68ad405cd8b)] -> xpath: (//div[@class='yotpo-thankyou-header text-3xl']/span[2])[1]] (tried for 30 second(s) with 500 milliseconds interval)
Build info: version: '4.18.1', revision: 'b1d3319b48'
System info: os.name: 'Windows 10', os.arch: 'amd64', os.version: '10.0', java.version: '17.0.1'
Driver info: org.openqa.selenium.chrome.ChromeDriver
Capabilities {acceptInsecureCerts: false, browserName: chrome, browserVersion: 125.0.6422.142, chrome: {chromedriverVersion: 125.0.6422.141 (4b1e8393712..., userDataDir: C:\Users\268896\AppData\Loc...}, fedcm:accounts: true, goog:chromeOptions: {debuggerAddress: localhost:62003}, networkConnectionEnabled: false, pageLoadStrategy: normal, platformName: windows, proxy: Proxy(), se:cdp: ws://localhost:62003/devtoo..., se:cdpVersion: 125.0.6422.142, setWindowRect: true, strictFileInteractability: false, timeouts: {implicit: 0, pageLoad: 300000, script: 30000}, unhandledPromptBehavior: dismiss and notify, webauthn:extension:credBlob: true, webauthn:extension:largeBlob: true, webauthn:extension:minPinLength: true, webauthn:extension:prf: true, webauthn:virtualAuthenticators: true}
Session ID: fbea7d97c15ce3eddfa7e68ad405cd8b
at org.testng.Assert.fail(Assert.java:111)
at com.ust.base.ReusableFunctions.reportFail(ReusableFunctions.java:321)
at com.ust.base.ReusableFunctions.getTextofElement(ReusableFunctions.java:166)
at com.ust.pom.ReviewFunctionalityPOM.post_msgcheck(ReviewFunctionalityPOM.java:208)
at stepdefinitions.ReviewFunctionality.validate_the_post(ReviewFunctionality.java:114)
at âœ½.Validate the post(classpath:features//ReviewFunctionality.feature:21)
]]>
            </full-stacktrace>
          </exception> <!-- java.lang.AssertionError -->
          <reporter-output>
          </reporter-output>
        </test-method> <!-- runScenario -->
        <test-method signature="runScenario(io.cucumber.testng.PickleWrapper,io.cucumber.testng.FeatureWrapper)[pri:0, instance:com.ust.runner.TestRunner@24aed80c]" started-at="2024-06-07T11:35:17 IST" name="runScenario" description="Runs Cucumber Scenarios" data-provider="scenarios" finished-at="2024-06-07T11:35:55 IST" duration-ms="38008" status="PASS">
          <params>
            <param index="0">
              <value>
                <![CDATA["No list found"]]>
              </value>
            </param>
            <param index="1">
              <value>
                <![CDATA["search functionality"]]>
              </value>
            </param>
          </params>
          <reporter-output>
          </reporter-output>
        </test-method> <!-- runScenario -->
        <test-method signature="runScenario(io.cucumber.testng.PickleWrapper,io.cucumber.testng.FeatureWrapper)[pri:0, instance:com.ust.runner.TestRunner@24aed80c]" started-at="2024-06-07T11:35:55 IST" name="runScenario" description="Runs Cucumber Scenarios" data-provider="scenarios" finished-at="2024-06-07T11:36:31 IST" duration-ms="35914" status="PASS">
          <params>
            <param index="0">
              <value>
                <![CDATA["To get list of valid search list"]]>
              </value>
            </param>
            <param index="1">
              <value>
                <![CDATA["search functionality"]]>
              </value>
            </param>
          </params>
          <reporter-output>
          </reporter-output>
        </test-method> <!-- runScenario -->
        <test-method signature="runScenario(io.cucumber.testng.PickleWrapper,io.cucumber.testng.FeatureWrapper)[pri:0, instance:com.ust.runner.TestRunner@24aed80c]" started-at="2024-06-07T11:36:31 IST" name="runScenario" description="Runs Cucumber Scenarios" data-provider="scenarios" finished-at="2024-06-07T11:37:13 IST" duration-ms="41707" status="PASS">
          <params>
            <param index="0">
              <value>
                <![CDATA["Sorting Low To High Price"]]>
              </value>
            </param>
            <param index="1">
              <value>
                <![CDATA["To sort products"]]>
              </value>
            </param>
          </params>
          <reporter-output>
          </reporter-output>
        </test-method> <!-- runScenario -->
        <test-method signature="runScenario(io.cucumber.testng.PickleWrapper,io.cucumber.testng.FeatureWrapper)[pri:0, instance:com.ust.runner.TestRunner@24aed80c]" started-at="2024-06-07T11:37:13 IST" name="runScenario" description="Runs Cucumber Scenarios" data-provider="scenarios" finished-at="2024-06-07T11:37:42 IST" duration-ms="29061" status="PASS">
          <params>
            <param index="0">
              <value>
                <![CDATA["Sorting High To Low Price"]]>
              </value>
            </param>
            <param index="1">
              <value>
                <![CDATA["To sort products"]]>
              </value>
            </param>
          </params>
          <reporter-output>
          </reporter-output>
        </test-method> <!-- runScenario -->
        <test-method is-config="true" signature="tearDownClass()[pri:0, instance:com.ust.runner.TestRunner@24aed80c]" started-at="2024-06-07T11:37:42 IST" name="tearDownClass" finished-at="2024-06-07T11:37:46 IST" duration-ms="3538" status="PASS">
          <reporter-output>
          </reporter-output>
        </test-method> <!-- tearDownClass -->
      </class> <!-- com.ust.runner.TestRunner -->
    </test> <!-- Default test -->
  </suite> <!-- Default suite -->
</testng-results>
