<?xml version="1.0" encoding="UTF-8"?>
<!-- Generated by org.testng.reporters.JUnitReportReporter -->
<testsuite hostname="K548LTRV" failures="1" tests="1" name="com.ust.runner.TestRunner_Review" time="79.491" errors="0" timestamp="2024-05-09T15:40:41 IST" skipped="0">
  <testcase classname="com.ust.runner.TestRunner_Review" name="runScenario" time="79.491">
    <failure message="Test case failed: Expected condition failed: waiting for visibility of [[ChromeDriver: chrome on windows (07e0bd1ffb982870359b899b67bbbc40)] -&gt; xpath: (//div[@class=&#039;yotpo-thankyou-header text-3xl&#039;]/span[2])[1]] (tried for 30 second(s) with 500 milliseconds interval)
Build info: version: &#039;4.18.1&#039;, revision: &#039;b1d3319b48&#039;
System info: os.name: &#039;Windows 10&#039;, os.arch: &#039;amd64&#039;, os.version: &#039;10.0&#039;, java.version: &#039;17.0.1&#039;
Driver info: org.openqa.selenium.chrome.ChromeDriver
Capabilities {acceptInsecureCerts: false, browserName: chrome, browserVersion: 124.0.6367.119, chrome: {chromedriverVersion: 124.0.6367.155 (df4f029328b..., userDataDir: C:\Users\268896\AppData\Loc...}, fedcm:accounts: true, goog:chromeOptions: {debuggerAddress: localhost:50373}, networkConnectionEnabled: false, pageLoadStrategy: normal, platformName: windows, proxy: Proxy(), se:cdp: ws://localhost:50373/devtoo..., se:cdpVersion: 124.0.6367.119, setWindowRect: true, strictFileInteractability: false, timeouts: {implicit: 0, pageLoad: 300000, script: 30000}, unhandledPromptBehavior: dismiss and notify, webauthn:extension:credBlob: true, webauthn:extension:largeBlob: true, webauthn:extension:minPinLength: true, webauthn:extension:prf: true, webauthn:virtualAuthenticators: true}
Session ID: 07e0bd1ffb982870359b899b67bbbc40" type="java.lang.AssertionError">
      <![CDATA[java.lang.AssertionError: Test case failed: Expected condition failed: waiting for visibility of [[ChromeDriver: chrome on windows (07e0bd1ffb982870359b899b67bbbc40)] -> xpath: (//div[@class='yotpo-thankyou-header text-3xl']/span[2])[1]] (tried for 30 second(s) with 500 milliseconds interval)
Build info: version: '4.18.1', revision: 'b1d3319b48'
System info: os.name: 'Windows 10', os.arch: 'amd64', os.version: '10.0', java.version: '17.0.1'
Driver info: org.openqa.selenium.chrome.ChromeDriver
Capabilities {acceptInsecureCerts: false, browserName: chrome, browserVersion: 124.0.6367.119, chrome: {chromedriverVersion: 124.0.6367.155 (df4f029328b..., userDataDir: C:\Users\268896\AppData\Loc...}, fedcm:accounts: true, goog:chromeOptions: {debuggerAddress: localhost:50373}, networkConnectionEnabled: false, pageLoadStrategy: normal, platformName: windows, proxy: Proxy(), se:cdp: ws://localhost:50373/devtoo..., se:cdpVersion: 124.0.6367.119, setWindowRect: true, strictFileInteractability: false, timeouts: {implicit: 0, pageLoad: 300000, script: 30000}, unhandledPromptBehavior: dismiss and notify, webauthn:extension:credBlob: true, webauthn:extension:largeBlob: true, webauthn:extension:minPinLength: true, webauthn:extension:prf: true, webauthn:virtualAuthenticators: true}
Session ID: 07e0bd1ffb982870359b899b67bbbc40
at org.testng.Assert.fail(Assert.java:111)
at com.ust.base.ReusableFunctions.reportFail(ReusableFunctions.java:320)
at com.ust.base.ReusableFunctions.getTextofElement(ReusableFunctions.java:165)
at com.ust.pom.ReviewFunctionalityPOM.post_msgcheck(ReviewFunctionalityPOM.java:208)
at stepdefinitions.ReviewFunctionality.validate_the_post(ReviewFunctionality.java:114)
at âœ½.Validate the post(classpath:features/ReviewFunctionality.feature:21)
]]>
    </failure>
  </testcase> <!-- runScenario -->
</testsuite> <!-- com.ust.runner.TestRunner_Review -->
