<?xml version="1.0" encoding="UTF-8"?>
<!-- Generated by org.testng.reporters.JUnitReportReporter -->
<testsuite hostname="K548LTRV" failures="1" tests="6" name="com.ust.runner.TestRunner" time="340.210" errors="0" timestamp="2024-06-07T11:37:46 IST" skipped="0">
  <testcase classname="com.ust.runner.TestRunner" name="runScenario" time="38.008"/>
  <testcase classname="com.ust.runner.TestRunner" name="runScenario" time="35.914"/>
  <testcase classname="com.ust.runner.TestRunner" name="runScenario" time="29.061"/>
  <testcase classname="com.ust.runner.TestRunner" name="runScenario" time="112.053"/>
  <testcase classname="com.ust.runner.TestRunner" name="runScenario" time="83.467">
    <failure message="Test case failed: Expected condition failed: waiting for visibility of [[ChromeDriver: chrome on windows (fbea7d97c15ce3eddfa7e68ad405cd8b)] -&gt; xpath: (//div[@class=&#039;yotpo-thankyou-header text-3xl&#039;]/span[2])[1]] (tried for 30 second(s) with 500 milliseconds interval)
Build info: version: &#039;4.18.1&#039;, revision: &#039;b1d3319b48&#039;
System info: os.name: &#039;Windows 10&#039;, os.arch: &#039;amd64&#039;, os.version: &#039;10.0&#039;, java.version: &#039;17.0.1&#039;
Driver info: org.openqa.selenium.chrome.ChromeDriver
Capabilities {acceptInsecureCerts: false, browserName: chrome, browserVersion: 125.0.6422.142, chrome: {chromedriverVersion: 125.0.6422.141 (4b1e8393712..., userDataDir: C:\Users\268896\AppData\Loc...}, fedcm:accounts: true, goog:chromeOptions: {debuggerAddress: localhost:62003}, networkConnectionEnabled: false, pageLoadStrategy: normal, platformName: windows, proxy: Proxy(), se:cdp: ws://localhost:62003/devtoo..., se:cdpVersion: 125.0.6422.142, setWindowRect: true, strictFileInteractability: false, timeouts: {implicit: 0, pageLoad: 300000, script: 30000}, unhandledPromptBehavior: dismiss and notify, webauthn:extension:credBlob: true, webauthn:extension:largeBlob: true, webauthn:extension:minPinLength: true, webauthn:extension:prf: true, webauthn:virtualAuthenticators: true}
Session ID: fbea7d97c15ce3eddfa7e68ad405cd8b" type="java.lang.AssertionError">
      <![CDATA[java.lang.AssertionError: Test case failed: Expected condition failed: waiting for visibility of [[ChromeDriver: chrome on windows (fbea7d97c15ce3eddfa7e68ad405cd8b)] -> xpath: (//div[@class='yotpo-thankyou-header text-3xl']/span[2])[1]] (tried for 30 second(s) with 500 milliseconds interval)
Build info: version: '4.18.1', revision: 'b1d3319b48'
System info: os.name: 'Windows 10', os.arch: 'amd64', os.version: '10.0', java.version: '17.0.1'
Driver info: org.openqa.selenium.chrome.ChromeDriver
Capabilities {acceptInsecureCerts: false, browserName: chrome, browserVersion: 125.0.6422.142, chrome: {chromedriverVersion: 125.0.6422.141 (4b1e8393712..., userDataDir: C:\Users\268896\AppData\Loc...}, fedcm:accounts: true, goog:chromeOptions: {debuggerAddress: localhost:62003}, networkConnectionEnabled: false, pageLoadStrategy: normal, platformName: windows, proxy: Proxy(), se:cdp: ws://localhost:62003/devtoo..., se:cdpVersion: 125.0.6422.142, setWindowRect: true, strictFileInteractability: false, timeouts: {implicit: 0, pageLoad: 300000, script: 30000}, unhandledPromptBehavior: dismiss and notify, webauthn:extension:credBlob: true, webauthn:extension:largeBlob: true, webauthn:extension:minPinLength: true, webauthn:extension:prf: true, webauthn:virtualAuthenticators: true}
Session ID: fbea7d97c15ce3eddfa7e68ad405cd8b
at org.testng.Assert.fail(Assert.java:111)
at com.ust.base.ReusableFunctions.reportFail(ReusableFunctions.java:321)
at com.ust.base.ReusableFunctions.getTextofElement(ReusableFunctions.java:166)
at com.ust.pom.ReviewFunctionalityPOM.post_msgcheck(ReviewFunctionalityPOM.java:208)
at stepdefinitions.ReviewFunctionality.validate_the_post(ReviewFunctionality.java:114)
at âœ½.Validate the post(classpath:features//ReviewFunctionality.feature:21)
]]>
    </failure>
  </testcase> <!-- runScenario -->
  <testcase classname="com.ust.runner.TestRunner" name="runScenario" time="41.707"/>
</testsuite> <!-- com.ust.runner.TestRunner -->
