<?xml version="1.0" encoding="UTF-8"?>
<!-- Generated by org.testng.reporters.JUnitReportReporter -->
<testsuite hostname="K589LTRV" failures="1" tests="1" name="testRunner.TestRunner" time="15.705" errors="0" timestamp="2024-04-12T11:33:35 IST" skipped="0">
  <testcase classname="testRunner.TestRunner" name="runScenario" time="15.705">
    <failure message="Test case failed: element click intercepted: Element &lt;a href=&quot;https://supertails.com/collections/dog-training-behaviour&quot;&gt;...&lt;/a&gt; is not clickable at point (631, 270). Other element would receive the click: &lt;div class=&quot;training-contant&quot;&gt;...&lt;/div&gt;
  (Session info: chrome=123.0.6312.107)
Build info: version: &#039;4.18.1&#039;, revision: &#039;b1d3319b48&#039;
System info: os.name: &#039;Windows 10&#039;, os.arch: &#039;amd64&#039;, os.version: &#039;10.0&#039;, java.version: &#039;17.0.1&#039;
Driver info: org.openqa.selenium.chrome.ChromeDriver
Command: [a4fad7c77aed279662059d41f2b05b60, clickElement {id=f.1484F7083E5E5015DDA09C8307C3E47C.d.5CC555FF00465F6D5DA27C719050D78B.e.189}]
Capabilities {acceptInsecureCerts: false, browserName: chrome, browserVersion: 123.0.6312.107, chrome: {chromedriverVersion: 122.0.6261.128 (f18a44fedeb..., userDataDir: C:\Users\268852\AppData\Loc...}, fedcm:accounts: true, goog:chromeOptions: {debuggerAddress: localhost:49162}, networkConnectionEnabled: false, pageLoadStrategy: normal, platformName: windows, proxy: Proxy(), se:cdp: ws://localhost:49162/devtoo..., se:cdpVersion: 123.0.6312.107, setWindowRect: true, strictFileInteractability: false, timeouts: {implicit: 0, pageLoad: 300000, script: 30000}, unhandledPromptBehavior: dismiss and notify, webauthn:extension:credBlob: true, webauthn:extension:largeBlob: true, webauthn:extension:minPinLength: true, webauthn:extension:prf: true, webauthn:virtualAuthenticators: true}
Element: [[ChromeDriver: chrome on windows (a4fad7c77aed279662059d41f2b05b60)] -&gt; xpath: (//div[@class=&#039;need-train-help&#039;])[1]/a]
Session ID: a4fad7c77aed279662059d41f2b05b60" type="java.lang.AssertionError">
      <![CDATA[java.lang.AssertionError: Test case failed: element click intercepted: Element <a href="https://supertails.com/collections/dog-training-behaviour">...</a> is not clickable at point (631, 270). Other element would receive the click: <div class="training-contant">...</div>
  (Session info: chrome=123.0.6312.107)
Build info: version: '4.18.1', revision: 'b1d3319b48'
System info: os.name: 'Windows 10', os.arch: 'amd64', os.version: '10.0', java.version: '17.0.1'
Driver info: org.openqa.selenium.chrome.ChromeDriver
Command: [a4fad7c77aed279662059d41f2b05b60, clickElement {id=f.1484F7083E5E5015DDA09C8307C3E47C.d.5CC555FF00465F6D5DA27C719050D78B.e.189}]
Capabilities {acceptInsecureCerts: false, browserName: chrome, browserVersion: 123.0.6312.107, chrome: {chromedriverVersion: 122.0.6261.128 (f18a44fedeb..., userDataDir: C:\Users\268852\AppData\Loc...}, fedcm:accounts: true, goog:chromeOptions: {debuggerAddress: localhost:49162}, networkConnectionEnabled: false, pageLoadStrategy: normal, platformName: windows, proxy: Proxy(), se:cdp: ws://localhost:49162/devtoo..., se:cdpVersion: 123.0.6312.107, setWindowRect: true, strictFileInteractability: false, timeouts: {implicit: 0, pageLoad: 300000, script: 30000}, unhandledPromptBehavior: dismiss and notify, webauthn:extension:credBlob: true, webauthn:extension:largeBlob: true, webauthn:extension:minPinLength: true, webauthn:extension:prf: true, webauthn:virtualAuthenticators: true}
Element: [[ChromeDriver: chrome on windows (a4fad7c77aed279662059d41f2b05b60)] -> xpath: (//div[@class='need-train-help'])[1]/a]
Session ID: a4fad7c77aed279662059d41f2b05b60
at org.testng.Assert.fail(Assert.java:111)
at base.ReusableFunction.reportFail(ReusableFunction.java:235)
at base.ReusableFunction.clickOn(ReusableFunction.java:164)
at pom.ShopByBreedPOM.clickConsultNow(ShopByBreedPOM.java:27)
at stepDefinition.ShopByBreedTest.user_navigate_to_consult_now_page(ShopByBreedTest.java:55)
at âœ½.User navigate to Consult Now page(file:///C:/Users/268852/eclipse-workspace/MP/reusable_prj/src/test/resources/features/ShopByBreed.feature:10)
]]>
    </failure>
  </testcase> <!-- runScenario -->
</testsuite> <!-- testRunner.TestRunner -->
