<?xml version="1.0" encoding="UTF-8"?>
<!-- Generated by org.testng.reporters.JUnitXMLReporter -->
<testsuite ignored="0" hostname="K589LTRV" failures="1" tests="1" name="Default test" time="15.927" errors="0" timestamp="2024-04-12T11:33:35 IST">
  <testcase classname="io.cucumber.testng.AbstractTestNGCucumberTests" name="runScenario" time="15.705">
    <failure type="java.lang.AssertionError" message="Test case failed: element click intercepted: Element &amp;lt;a href=&amp;quot;https://supertails.com/collections/dog-training-behaviour&amp;quot;&amp;gt;...&amp;lt;/a&amp;gt; is not clickable at point (631, 270). Other element would receive the click: &amp;lt;div class=&amp;quot;training-contant&amp;quot;&amp;gt;...&amp;lt;/div&amp;gt;
  (Session info: chrome=123.0.6312.107)
Build info: version: &amp;apos;4.18.1&amp;apos;, revision: &amp;apos;b1d3319b48&amp;apos;
System info: os.name: &amp;apos;Windows 10&amp;apos;, os.arch: &amp;apos;amd64&amp;apos;, os.version: &amp;apos;10.0&amp;apos;, java.version: &amp;apos;17.0.1&amp;apos;
Driver info: org.openqa.selenium.chrome.ChromeDriver
Command: [a4fad7c77aed279662059d41f2b05b60, clickElement {id=f.1484F7083E5E5015DDA09C8307C3E47C.d.5CC555FF00465F6D5DA27C719050D78B.e.189}]
Capabilities {acceptInsecureCerts: false, browserName: chrome, browserVersion: 123.0.6312.107, chrome: {chromedriverVersion: 122.0.6261.128 (f18a44fedeb..., userDataDir: C:\Users\268852\AppData\Loc...}, fedcm:accounts: true, goog:chromeOptions: {debuggerAddress: localhost:49162}, networkConnectionEnabled: false, pageLoadStrategy: normal, platformName: windows, proxy: Proxy(), se:cdp: ws://localhost:49162/devtoo..., se:cdpVersion: 123.0.6312.107, setWindowRect: true, strictFileInteractability: false, timeouts: {implicit: 0, pageLoad: 300000, script: 30000}, unhandledPromptBehavior: dismiss and notify, webauthn:extension:credBlob: true, webauthn:extension:largeBlob: true, webauthn:extension:minPinLength: true, webauthn:extension:prf: true, webauthn:virtualAuthenticators: true}
Element: [[ChromeDriver: chrome on windows (a4fad7c77aed279662059d41f2b05b60)] -&amp;gt; xpath: (//div[@class=&amp;apos;need-train-help&amp;apos;])[1]/a]
Session ID: a4fad7c77aed279662059d41f2b05b60">
      <![CDATA[java.lang.AssertionError: Test case failed: element click intercepted: Element <a href="https://supertails.com/collections/dog-training-behaviour">...</a> is not clickable at point (631, 270). Other element would receive the click: <div class="training-contant">...</div>
  (Session info: chrome=123.0.6312.107)
Build info: version: '4.18.1', revision: 'b1d3319b48'
System info: os.name: 'Windows 10', os.arch: 'amd64', os.version: '10.0', java.version: '17.0.1'
Driver info: org.openqa.selenium.chrome.ChromeDriver
Command: [a4fad7c77aed279662059d41f2b05b60, clickElement {id=f.1484F7083E5E5015DDA09C8307C3E47C.d.5CC555FF00465F6D5DA27C719050D78B.e.189}]
Capabilities {acceptInsecureCerts: false, browserName: chrome, browserVersion: 123.0.6312.107, chrome: {chromedriverVersion: 122.0.6261.128 (f18a44fedeb..., userDataDir: C:\Users\268852\AppData\Loc...}, fedcm:accounts: true, goog:chromeOptions: {debuggerAddress: localhost:49162}, networkConnectionEnabled: false, pageLoadStrategy: normal, platformName: windows, proxy: Proxy(), se:cdp: ws://localhost:49162/devtoo..., se:cdpVersion: 123.0.6312.107, setWindowRect: true, strictFileInteractability: false, timeouts: {implicit: 0, pageLoad: 300000, script: 30000}, unhandledPromptBehavior: dismiss and notify, webauthn:extension:credBlob: true, webauthn:extension:largeBlob: true, webauthn:extension:minPinLength: true, webauthn:extension:prf: true, webauthn:virtualAuthenticators: true}
Element: [[ChromeDriver: chrome on windows (a4fad7c77aed279662059d41f2b05b60)] -> xpath: (//div[@class='need-train-help'])[1]/a]
Session ID: a4fad7c77aed279662059d41f2b05b60
at org.testng.Assert.fail(Assert.java:111)
at base.ReusableFunction.reportFail(ReusableFunction.java:235)
at base.ReusableFunction.clickOn(ReusableFunction.java:164)
at pom.ShopByBreedPOM.clickConsultNow(ShopByBreedPOM.java:27)
at stepDefinition.ShopByBreedTest.user_navigate_to_consult_now_page(ShopByBreedTest.java:55)
at âœ½.User navigate to Consult Now page(file:///C:/Users/268852/eclipse-workspace/MP/reusable_prj/src/test/resources/features/ShopByBreed.feature:10)
]]>
    </failure>
  </testcase> <!-- runScenario -->
</testsuite> <!-- Default test -->
