<html>
<head>
<title>TestNG:  Default test</title>
<link href="../testng.css" rel="stylesheet" type="text/css" />
<link href="../my-testng.css" rel="stylesheet" type="text/css" />

<style type="text/css">
.log { display: none;} 
.stack-trace { display: none;} 
</style>
<script type="text/javascript">
<!--
function flip(e) {
  current = e.style.display;
  if (current == 'block') {
    e.style.display = 'none';
    return 0;
  }
  else {
    e.style.display = 'block';
    return 1;
  }
}

function toggleBox(szDivId, elem, msg1, msg2)
{
  var res = -1;  if (document.getElementById) {
    res = flip(document.getElementById(szDivId));
  }
  else if (document.all) {
    // this is the way old msie versions work
    res = flip(document.all[szDivId]);
  }
  if(elem) {
    if(res == 0) elem.innerHTML = msg1; else elem.innerHTML = msg2;
  }

}

function toggleAllBoxes() {
  if (document.getElementsByTagName) {
    d = document.getElementsByTagName('div');
    for (i = 0; i < d.length; i++) {
      if (d[i].className == 'log') {
        flip(d[i]);
      }
    }
  }
}

// -->
</script>

</head>
<body>
<h2 align='center'>Default test</h2><table border='1' align="center">
<tr>
<td>Tests passed/Failed/Skipped:</td><td>0/1/0</td>
</tr><tr>
<td>Started on:</td><td>Fri Apr 12 11:33:19 IST 2024</td>
</tr>
<tr><td>Total time:</td><td>15 seconds (15927 ms)</td>
</tr><tr>
<td>Included groups:</td><td></td>
</tr><tr>
<td>Excluded groups:</td><td></td>
</tr>
</table><p/>
<small><i>(Hover the method name to see the test class name)</i></small><p/>
<table width='100%' border='1' class='invocation-failed'>
<tr><td colspan='4' align='center'><b>FAILED TESTS</b></td></tr>
<tr><td><b>Test method</b></td>
<td><b>Attribute(s)</b></td>
<td width="30%"><b>Exception</b></td>
<td width="10%"><b>Time (seconds)</b></td>
<td><b>Instance</b></td>
</tr>
<tr>
<td title='testRunner.TestRunner.runScenario()'><b>runScenario</b><br>Test class: testRunner.TestRunner<br>Test method: Runs Cucumber Scenarios<br>Parameters: "Purchase Dog Behaviour Consultation", "Purchase Dog Behaviour Consultation"</td>
<td><div><pre>java.lang.AssertionError: Test case failed: element click intercepted: Element &lt;a href=&quot;https://supertails.com/collections/dog-training-behaviour&quot;&gt;...&lt;/a&gt; is not clickable at point (631, 270). Other element would receive the click: &lt;div class=&quot;training-contant&quot;&gt;...&lt;/div&gt;
  (Session info: chrome=123.0.6312.107)
Build info: version: &apos;4.18.1&apos;, revision: &apos;b1d3319b48&apos;
System info: os.name: &apos;Windows 10&apos;, os.arch: &apos;amd64&apos;, os.version: &apos;10.0&apos;, java.version: &apos;17.0.1&apos;
Driver info: org.openqa.selenium.chrome.ChromeDriver
Command: [a4fad7c77aed279662059d41f2b05b60, clickElement {id=f.1484F7083E5E5015DDA09C8307C3E47C.d.5CC555FF00465F6D5DA27C719050D78B.e.189}]
Capabilities {acceptInsecureCerts: false, browserName: chrome, browserVersion: 123.0.6312.107, chrome: {chromedriverVersion: 122.0.6261.128 (f18a44fedeb..., userDataDir: C:\Users\268852\AppData\Loc...}, fedcm:accounts: true, goog:chromeOptions: {debuggerAddress: localhost:49162}, networkConnectionEnabled: false, pageLoadStrategy: normal, platformName: windows, proxy: Proxy(), se:cdp: ws://localhost:49162/devtoo..., se:cdpVersion: 123.0.6312.107, setWindowRect: true, strictFileInteractability: false, timeouts: {implicit: 0, pageLoad: 300000, script: 30000}, unhandledPromptBehavior: dismiss and notify, webauthn:extension:credBlob: true, webauthn:extension:largeBlob: true, webauthn:extension:minPinLength: true, webauthn:extension:prf: true, webauthn:virtualAuthenticators: true}
Element: [[ChromeDriver: chrome on windows (a4fad7c77aed279662059d41f2b05b60)] -&gt; xpath: (//div[@class=&apos;need-train-help&apos;])[1]/a]
Session ID: a4fad7c77aed279662059d41f2b05b60
	at org.testng.Assert.fail(Assert.java:111)
	at base.ReusableFunction.reportFail(ReusableFunction.java:235)
	at base.ReusableFunction.clickOn(ReusableFunction.java:164)
	at pom.ShopByBreedPOM.clickConsultNow(ShopByBreedPOM.java:27)
	at stepDefinition.ShopByBreedTest.user_navigate_to_consult_now_page(ShopByBreedTest.java:55)
	at ✽.User navigate to Consult Now page(file:///C:/Users/268852/eclipse-workspace/MP/reusable_prj/src/test/resources/features/ShopByBreed.feature:10)
</pre></div><a href='#' onClick='toggleBox("stack-trace72615125", this, "Click to show all stack frames", "Click to hide stack frames")'>Click to show all stack frames</a>
<div class='stack-trace' id='stack-trace72615125'><pre>java.lang.AssertionError: Test case failed: element click intercepted: Element &lt;a href=&quot;https://supertails.com/collections/dog-training-behaviour&quot;&gt;...&lt;/a&gt; is not clickable at point (631, 270). Other element would receive the click: &lt;div class=&quot;training-contant&quot;&gt;...&lt;/div&gt;
  (Session info: chrome=123.0.6312.107)
Build info: version: &apos;4.18.1&apos;, revision: &apos;b1d3319b48&apos;
System info: os.name: &apos;Windows 10&apos;, os.arch: &apos;amd64&apos;, os.version: &apos;10.0&apos;, java.version: &apos;17.0.1&apos;
Driver info: org.openqa.selenium.chrome.ChromeDriver
Command: [a4fad7c77aed279662059d41f2b05b60, clickElement {id=f.1484F7083E5E5015DDA09C8307C3E47C.d.5CC555FF00465F6D5DA27C719050D78B.e.189}]
Capabilities {acceptInsecureCerts: false, browserName: chrome, browserVersion: 123.0.6312.107, chrome: {chromedriverVersion: 122.0.6261.128 (f18a44fedeb..., userDataDir: C:\Users\268852\AppData\Loc...}, fedcm:accounts: true, goog:chromeOptions: {debuggerAddress: localhost:49162}, networkConnectionEnabled: false, pageLoadStrategy: normal, platformName: windows, proxy: Proxy(), se:cdp: ws://localhost:49162/devtoo..., se:cdpVersion: 123.0.6312.107, setWindowRect: true, strictFileInteractability: false, timeouts: {implicit: 0, pageLoad: 300000, script: 30000}, unhandledPromptBehavior: dismiss and notify, webauthn:extension:credBlob: true, webauthn:extension:largeBlob: true, webauthn:extension:minPinLength: true, webauthn:extension:prf: true, webauthn:virtualAuthenticators: true}
Element: [[ChromeDriver: chrome on windows (a4fad7c77aed279662059d41f2b05b60)] -&gt; xpath: (//div[@class=&apos;need-train-help&apos;])[1]/a]
Session ID: a4fad7c77aed279662059d41f2b05b60
	at org.testng.Assert.fail(Assert.java:111)
	at base.ReusableFunction.reportFail(ReusableFunction.java:235)
	at base.ReusableFunction.clickOn(ReusableFunction.java:164)
	at pom.ShopByBreedPOM.clickConsultNow(ShopByBreedPOM.java:27)
	at stepDefinition.ShopByBreedTest.user_navigate_to_consult_now_page(ShopByBreedTest.java:55)
	at ✽.User navigate to Consult Now page(file:///C:/Users/268852/eclipse-workspace/MP/reusable_prj/src/test/resources/features/ShopByBreed.feature:10)
</pre></div></td>
<td>15</td>
<td>testRunner.TestRunner@2aceadd4</td></tr>
</table><p>
</body>
</html>